<?xml version="1.0" encoding="UTF-8"?>
<testsuite xmlns:xsi="http://www.w3.org/2001/XMLSchema-instance" xsi:noNamespaceSchemaLocation="https://maven.apache.org/surefire/maven-surefire-plugin/xsd/surefire-test-report.xsd" name="TestSuite" time="112.696" tests="13" errors="0" skipped="0" failures="1">
  <properties>
[...]
</properties>
  <testcase name="testLoginOption" classname="tests.VerifyLoginFunctionality" time="11.137">
    <failure message="no such element: Unable to locate element: {&quot;method&quot;:&quot;xpath&quot;,&quot;selector&quot;:&quot;//p[contains(text(),  &apos;Подписка&apos;)]&quot;}&#10;  (Session info: chrome=81.0.4044.138)&#10;For documentation on this error, please visit: https://www.seleniumhq.org/exceptions/no_such_element.html&#10;Build info: version: &apos;3.141.59&apos;, revision: &apos;e82be7d358&apos;, time: &apos;2018-11-14T08:17:03&apos;&#10;System info: host: &apos;EPBYMINW3264&apos;, ip: &apos;100.64.98.52&apos;, os.name: &apos;Windows 10&apos;, os.arch: &apos;amd64&apos;, os.version: &apos;10.0&apos;, java.version: &apos;1.8.0_201&apos;&#10;Driver info: org.openqa.selenium.chrome.ChromeDriver&#10;Capabilities {acceptInsecureCerts: false, browserName: chrome, browserVersion: 81.0.4044.138, chrome: {chromedriverVersion: 81.0.4044.138 (8c6c7ba89cc9..., userDataDir: C:\Users\NASTAS~1\AppData\L...}, goog:chromeOptions: {debuggerAddress: localhost:51189}, javascriptEnabled: true, networkConnectionEnabled: false, pageLoadStrategy: normal, platform: WINDOWS, platformName: WINDOWS, proxy: Proxy(), setWindowRect: true, strictFileInteractability: false, timeouts: {implicit: 0, pageLoad: 300000, script: 30000}, unhandledPromptBehavior: dismiss and notify, webauthn:virtualAuthenticators: true}&#10;Session ID: b6e78065e95bd54ac1ab3196a636d31f&#10;*** Element info: {Using=xpath, value=//p[contains(text(),  &apos;Подписка&apos;)]}" type="org.openqa.selenium.NoSuchElementException">org.openqa.selenium.NoSuchElementException: 
no such element: Unable to locate element: {"method":"xpath","selector":"//p[contains(text(),  'Подписка')]"}
  (Session info: chrome=81.0.4044.138)
For documentation on this error, please visit: https://www.seleniumhq.org/exceptions/no_such_element.html
Build info: version: '3.141.59', revision: 'e82be7d358', time: '2018-11-14T08:17:03'
System info: host: 'EPBYMINW3264', ip: '100.64.98.52', os.name: 'Windows 10', os.arch: 'amd64', os.version: '10.0', java.version: '1.8.0_201'
Driver info: org.openqa.selenium.chrome.ChromeDriver
Capabilities {acceptInsecureCerts: false, browserName: chrome, browserVersion: 81.0.4044.138, chrome: {chromedriverVersion: 81.0.4044.138 (8c6c7ba89cc9..., userDataDir: C:\Users\NASTAS~1\AppData\L...}, goog:chromeOptions: {debuggerAddress: localhost:51189}, javascriptEnabled: true, networkConnectionEnabled: false, pageLoadStrategy: normal, platform: WINDOWS, platformName: WINDOWS, proxy: Proxy(), setWindowRect: true, strictFileInteractability: false, timeouts: {implicit: 0, pageLoad: 300000, script: 30000}, unhandledPromptBehavior: dismiss and notify, webauthn:virtualAuthenticators: true}
Session ID: b6e78065e95bd54ac1ab3196a636d31f
*** Element info: {Using=xpath, value=//p[contains(text(),  'Подписка')]}
	at tests.VerifyLoginFunctionality.testLoginOption(VerifyLoginFunctionality.java:25)
</failure>
    <system-out><![CDATA[2020-05-17 14:55:11,292 main ERROR Unrecognized format specifier []
2020-05-17 14:55:11,292 main ERROR Empty conversion specifier starting at position 17 in conversion pattern.
2020-05-17 14:55:17,674  [TestNG-tests-1] %1 On Test Start testLoginOption
2020-05-17 14:55:17,686  [TestNG-tests-1] %1 On Test Start testLoginOption
2020-05-17 14:55:17,689  [TestNG-tests-1] %1 Check out file's path
2020-05-17 14:55:17,690  [TestNG-tests-1] %1 Check out file's path
2020-05-17 14:55:27,566  [TestNG-tests-1] %1 Check out file's path
2020-05-17 14:55:27,665  [TestNG-tests-1] %1 Check out file's path
2020-05-17 14:55:27,762  [TestNG-tests-1] %1 Check out file's path
2020-05-17 14:55:27,762  [TestNG-tests-1] %1 Useris successfully logged in 
2020-05-17 14:55:27,797  [TestNG-tests-1] %1 On Test Failed testLoginOption
2020-05-17 14:55:28,375  [TestNG-tests-1] %1 On Test Failed testLoginOption
]]></system-out>
    <system-err><![CDATA[SLF4J: Failed to load class "org.slf4j.impl.StaticLoggerBinder".
SLF4J: Defaulting to no-operation (NOP) logger implementation
SLF4J: See http://www.slf4j.org/codes.html#StaticLoggerBinder for further details.
Starting ChromeDriver 81.0.4044.138 (8c6c7ba89cc9453625af54f11fd83179e23450fa-refs/branch-heads/4044@{#999}) on port 8074
Only local connections are allowed.
Please protect ports used by ChromeDriver and related test frameworks to prevent access by malicious code.
May 17, 2020 2:55:15 PM org.openqa.selenium.remote.ProtocolHandshake createSession
INFO: Detected dialect: W3C
[1589716519.215][SEVERE]: Timed out receiving message from renderer: 0.100
[1589716519.317][SEVERE]: Timed out receiving message from renderer: 0.100
[1589716519.418][SEVERE]: Timed out receiving message from renderer: 0.100
[1589716519.520][SEVERE]: Timed out receiving message from renderer: 0.100
[1589716519.622][SEVERE]: Timed out receiving message from renderer: 0.100
[1589716519.724][SEVERE]: Timed out receiving message from renderer: 0.100
[1589716520.028][SEVERE]: Timed out receiving message from renderer: 0.100
[1589716520.230][SEVERE]: Timed out receiving message from renderer: 0.100
[1589716520.332][SEVERE]: Timed out receiving message from renderer: 0.100
[1589716520.549][SEVERE]: Timed out receiving message from renderer: 0.100
[1589716520.795][SEVERE]: Timed out receiving message from renderer: 0.100
[1589716520.896][SEVERE]: Timed out receiving message from renderer: 0.100
[1589716520.999][SEVERE]: Timed out receiving message from renderer: 0.100
[1589716521.149][SEVERE]: Timed out receiving message from renderer: 0.100
[1589716521.280][SEVERE]: Timed out receiving message from renderer: 0.100
[1589716521.529][SEVERE]: Timed out receiving message from renderer: 0.100
[1589716521.631][SEVERE]: Timed out receiving message from renderer: 0.100
[1589716521.732][SEVERE]: Timed out receiving message from renderer: 0.100
[1589716521.834][SEVERE]: Timed out receiving message from renderer: 0.100
[1589716521.935][SEVERE]: Timed out receiving message from renderer: 0.100
[1589716522.329][SEVERE]: Timed out receiving message from renderer: 0.100
[1589716522.490][SEVERE]: Timed out receiving message from renderer: 0.100
[1589716522.593][SEVERE]: Timed out receiving message from renderer: 0.100
[1589716522.694][SEVERE]: Timed out receiving message from renderer: 0.100
[1589716522.796][SEVERE]: Timed out receiving message from renderer: 0.100
[1589716522.897][SEVERE]: Timed out receiving message from renderer: 0.100
[1589716522.998][SEVERE]: Timed out receiving message from renderer: 0.100
[1589716523.100][SEVERE]: Timed out receiving message from renderer: 0.100
[1589716523.201][SEVERE]: Timed out receiving message from renderer: 0.100
[1589716523.303][SEVERE]: Timed out receiving message from renderer: 0.100
[1589716523.405][SEVERE]: Timed out receiving message from renderer: 0.100
[1589716523.506][SEVERE]: Timed out receiving message from renderer: 0.100
[1589716523.608][SEVERE]: Timed out receiving message from renderer: 0.100
[1589716523.710][SEVERE]: Timed out receiving message from renderer: 0.100
[1589716523.811][SEVERE]: Timed out receiving message from renderer: 0.100
[1589716523.913][SEVERE]: Timed out receiving message from renderer: 0.100
[1589716524.015][SEVERE]: Timed out receiving message from renderer: 0.100
[1589716524.116][SEVERE]: Timed out receiving message from renderer: 0.100
[1589716524.218][SEVERE]: Timed out receiving message from renderer: 0.100
[1589716524.319][SEVERE]: Timed out receiving message from renderer: 0.100
[1589716524.420][SEVERE]: Timed out receiving message from renderer: 0.100
[1589716524.521][SEVERE]: Timed out receiving message from renderer: 0.100
[1589716524.623][SEVERE]: Timed out receiving message from renderer: 0.100
[1589716524.725][SEVERE]: Timed out receiving message from renderer: 0.100
[1589716524.827][SEVERE]: Timed out receiving message from renderer: 0.100
[1589716524.928][SEVERE]: Timed out receiving message from renderer: 0.100
[1589716525.030][SEVERE]: Timed out receiving message from renderer: 0.100
[1589716525.132][SEVERE]: Timed out receiving message from renderer: 0.100
[1589716525.233][SEVERE]: Timed out receiving message from renderer: 0.100
[1589716525.335][SEVERE]: Timed out receiving message from renderer: 0.100
[1589716525.438][SEVERE]: Timed out receiving message from renderer: 0.100
[1589716525.539][SEVERE]: Timed out receiving message from renderer: 0.100
[1589716525.640][SEVERE]: Timed out receiving message from renderer: 0.100
[1589716525.742][SEVERE]: Timed out receiving message from renderer: 0.100
[1589716525.843][SEVERE]: Timed out receiving message from renderer: 0.100
[1589716525.944][SEVERE]: Timed out receiving message from renderer: 0.100
[1589716526.046][SEVERE]: Timed out receiving message from renderer: 0.100
[1589716526.147][SEVERE]: Timed out receiving message from renderer: 0.100
[1589716526.250][SEVERE]: Timed out receiving message from renderer: 0.100
[1589716526.353][SEVERE]: Timed out receiving message from renderer: 0.100
[1589716526.454][SEVERE]: Timed out receiving message from renderer: 0.100
[1589716526.556][SEVERE]: Timed out receiving message from renderer: 0.100
[1589716526.658][SEVERE]: Timed out receiving message from renderer: 0.100
[1589716526.760][SEVERE]: Timed out receiving message from renderer: 0.100
]]></system-err>
  </testcase>
  <testcase name="testAdditionProductToCard" classname="tests.VerifyProductIsAddedToCard" time="10.012"/>
  <testcase name="testProductAdditionToTheList" classname="tests.VerifyProductAdditionToComparasionList" time="10.945"/>
  <testcase name="testBasketPageIsDisplayed" classname="tests.VerifyHeaderButtonsAreClickable" time="9.002"/>
  <testcase name="testBookmarksPageIsDisplayed" classname="tests.VerifyHeaderButtonsAreClickable" time="2.305"/>
  <testcase name="testComparasionListPageIsDisplayed" classname="tests.VerifyHeaderButtonsAreClickable" time="2.232"/>
  <testcase name="testDeliveryPageIsDisplayed" classname="tests.VerifyHeaderButtonsAreClickable" time="2.383"/>
  <testcase name="testDiscountSystemPageIsDisplayed" classname="tests.VerifyHeaderButtonsAreClickable" time="2.839"/>
  <testcase name="testLoginWindowIsDisplayed" classname="tests.VerifyHeaderButtonsAreClickable" time="1.405"/>
  <testcase name="testPaymentPageIsDisplayed" classname="tests.VerifyHeaderButtonsAreClickable" time="2.144"/>
  <testcase name="testWarrantyPageIsDisplayed" classname="tests.VerifyHeaderButtonsAreClickable" time="2.09"/>
  <testcase name="testWishListPageIsDisplayed" classname="tests.VerifyHeaderButtonsAreClickable" time="2.294"/>
  <testcase name="testChooseProductFromCatalog" classname="tests.VerifyProductsCatalogOptions" time="22.213"/>
</testsuite>